{
  "defectsList" : [ {
    "title" : "Product defects",
    "status" : "FAILED",
    "defects" : [ ]
  }, {
    "title" : "Test defects",
    "status" : "BROKEN",
    "defects" : [ {
      "uid" : "6a268587215d7433",
      "failure" : {
        "message" : "NoSuchElementException: no such element: Unable to locate element: {\"method\":\"id\",\"selector\":\"id=\"bx-creative-866896\"\"}\n  (Session info: chrome=75.0.3770.100)\n  (Driver info: chromedriver=74.0.3729.6 (255758eccf3d244491b8a1317aa76e1ce10d57e9-refs/branch-heads/3729@{#29}),platform=Mac OS X 10.14.4 x86_64) (WARNING: The server did not provide any stacktrace information)\nCommand duration or timeout: 16 milliseconds\nFor documentation on this error, please visit: http://seleniumhq.org/exceptions/no_such_element.html\nBuild info: version: '3.4.0', revision: 'unknown', time: 'unknown'\nSystem info: host: 'Krishnendus-MBP.attlocal.net', ip: 'fe80:0:0:0:884:8c26:c303:b968%en0', os.name: 'Mac OS X', os.arch: 'x86_64', os.version: '10.14.4', java.version: '1.8.0_181'\nDriver info: org.openqa.selenium.chrome.ChromeDriver\nCapabilities [{mobileEmulationEnabled=false, timeouts={implicit=0.0, pageLoad=300000.0, script=30000.0}, hasTouchScreen=false, platform=MAC, acceptSslCerts=false, goog:chromeOptions={debuggerAddress=localhost:57642}, acceptInsecureCerts=false, webStorageEnabled=true, browserName=chrome, takesScreenshot=true, javascriptEnabled=true, setWindowRect=true, unexpectedAlertBehaviour=ignore, applicationCacheEnabled=false, rotatable=false, networkConnectionEnabled=false, chrome={chromedriverVersion=74.0.3729.6 (255758eccf3d244491b8a1317aa76e1ce10d57e9-refs/branch-heads/3729@{#29}), userDataDir=/var/folders/_j/h_xp_g756190sr98qz0cq3r80000gn/T/.com.google.Chrome.JDjZ0N}, takesHeapSnapshot=true, pageLoadStrategy=normal, strictFileInteractability=false, databaseEnabled=false, handlesAlerts=true, version=75.0.3770.100, browserConnectionEnabled=false, proxy=Proxy(), nativeEvents=true, locationContextEnabled=true, cssSelectorsEnabled=true}]\nSession ID: c93000a3e3ee0db02e8ad69f3c1cad33\n*** Element info: {Using=id, value=id=\"bx-creative-866896\"}",
        "stackTrace" : "org.openqa.selenium.NoSuchElementException: no such element: Unable to locate element: {\"method\":\"id\",\"selector\":\"id=\"bx-creative-866896\"\"}\n  (Session info: chrome=75.0.3770.100)\n  (Driver info: chromedriver=74.0.3729.6 (255758eccf3d244491b8a1317aa76e1ce10d57e9-refs/branch-heads/3729@{#29}),platform=Mac OS X 10.14.4 x86_64) (WARNING: The server did not provide any stacktrace information)\nCommand duration or timeout: 16 milliseconds\nFor documentation on this error, please visit: http://seleniumhq.org/exceptions/no_such_element.html\nBuild info: version: '3.4.0', revision: 'unknown', time: 'unknown'\nSystem info: host: 'Krishnendus-MBP.attlocal.net', ip: 'fe80:0:0:0:884:8c26:c303:b968%en0', os.name: 'Mac OS X', os.arch: 'x86_64', os.version: '10.14.4', java.version: '1.8.0_181'\nDriver info: org.openqa.selenium.chrome.ChromeDriver\nCapabilities [{mobileEmulationEnabled=false, timeouts={implicit=0.0, pageLoad=300000.0, script=30000.0}, hasTouchScreen=false, platform=MAC, acceptSslCerts=false, goog:chromeOptions={debuggerAddress=localhost:57642}, acceptInsecureCerts=false, webStorageEnabled=true, browserName=chrome, takesScreenshot=true, javascriptEnabled=true, setWindowRect=true, unexpectedAlertBehaviour=ignore, applicationCacheEnabled=false, rotatable=false, networkConnectionEnabled=false, chrome={chromedriverVersion=74.0.3729.6 (255758eccf3d244491b8a1317aa76e1ce10d57e9-refs/branch-heads/3729@{#29}), userDataDir=/var/folders/_j/h_xp_g756190sr98qz0cq3r80000gn/T/.com.google.Chrome.JDjZ0N}, takesHeapSnapshot=true, pageLoadStrategy=normal, strictFileInteractability=false, databaseEnabled=false, handlesAlerts=true, version=75.0.3770.100, browserConnectionEnabled=false, proxy=Proxy(), nativeEvents=true, locationContextEnabled=true, cssSelectorsEnabled=true}]\nSession ID: c93000a3e3ee0db02e8ad69f3c1cad33\n*** Element info: {Using=id, value=id=\"bx-creative-866896\"}\n\tat sun.reflect.NativeConstructorAccessorImpl.newInstance0(Native Method)\n\tat sun.reflect.NativeConstructorAccessorImpl.newInstance(NativeConstructorAccessorImpl.java:62)\n\tat sun.reflect.DelegatingConstructorAccessorImpl.newInstance(DelegatingConstructorAccessorImpl.java:45)\n\tat java.lang.reflect.Constructor.newInstance(Constructor.java:423)\n\tat org.openqa.selenium.remote.ErrorHandler.createThrowable(ErrorHandler.java:215)\n\tat org.openqa.selenium.remote.ErrorHandler.throwIfResponseFailed(ErrorHandler.java:167)\n\tat org.openqa.selenium.remote.RemoteWebDriver.execute(RemoteWebDriver.java:671)\n\tat org.openqa.selenium.remote.RemoteWebDriver.findElement(RemoteWebDriver.java:410)\n\tat org.openqa.selenium.remote.RemoteWebDriver.findElementById(RemoteWebDriver.java:453)\n\tat org.openqa.selenium.By$ById.findElement(By.java:218)\n\tat org.openqa.selenium.remote.RemoteWebDriver.findElement(RemoteWebDriver.java:402)\n\tat com.aap.stepDefinition.AAPShoppingTest.i_enter_the_vehicle_details(AAPShoppingTest.java:64)\n\tat âœ½.Then I enter the vehicle details(com/aap/AAP_AddVehicle.feature:7)\n"
      },
      "testCases" : [ {
        "uid" : "1e69e9e90fa3358e",
        "name" : "Then I enter the vehicle details",
        "title" : "Then I enter the vehicle details",
        "time" : {
          "start" : 1562899516862,
          "stop" : 1562899516870,
          "duration" : 8
        },
        "severity" : "NORMAL",
        "status" : "BROKEN"
      } ]
    } ]
  } ]
}